<?xml version="1.0" encoding="UTF-8"?>
<!-- Generated by org.testng.reporters.JUnitXMLReporter -->
<testsuite ignored="0" hostname="DESKTOP-4CBTSJA" failures="0" tests="4" name="Test" time="83.16" errors="0" timestamp="17 Jun 2024 04:36:33 GMT">
  <testcase classname="automation.tests.HomePageTestCases" name="homePageArrivalsImagesDescription" time="31.489"/>
  <testcase classname="automation.tests.HomePageTestCases" name="homePageImagesInArrivalsShouldNavigate" time="29.924"/>
  <testcase classname="automation.tests.HomePageTestCases" name="homePageWithThreeArrivalsOnly" time="11.936"/>
  <testcase classname="automation.tests.HomePageTestCases" name="homePageWithThreeSlidersOnly" time="9.786"/>
</testsuite> <!-- Test -->
