<?xml version="1.0" encoding="UTF-8"?>
<!-- Generated by org.testng.reporters.JUnitXMLReporter -->
<testsuite ignored="0" hostname="DESKTOP-4CBTSJA" failures="0" tests="4" name="Test" time="243.359" errors="0" timestamp="19 Jun 2024 15:11:12 GMT">
  <testcase classname="automation.tests.HomePageTestCases" name="homePageArrivalsImagesDescription" time="57.405"/>
  <testcase classname="automation.tests.HomePageTestCases" name="homePageImagesInArrivalsShouldNavigate" time="91.408"/>
  <testcase classname="automation.tests.HomePageTestCases" name="homePageWithThreeArrivalsOnly" time="50.274"/>
  <testcase classname="automation.tests.HomePageTestCases" name="homePageWithThreeSlidersOnly" time="44.252"/>
</testsuite> <!-- Test -->
